

Started GET "/" for ::1 at 2015-04-10 22:40:44 -0400
Processing by Rails::WelcomeController#index as HTML
  Rendered /Users/lanxihuang/.rvm/gems/ruby-2.0.0-p353@railstutorial_rails_4_0/gems/railties-4.2.0/lib/rails/templates/rails/welcome/index.html.erb (54.6ms)
Completed 200 OK in 261ms (Views: 162.8ms | ActiveRecord: 0.0ms)


Started GET "/static_pages/home" for ::1 at 2015-04-18 17:46:35 -0400

ActiveRecord::PendingMigrationError (

Migrations are pending. To resolve this issue, run:

	bin/rake db:migrate RAILS_ENV=development

):
  activerecord (4.2.0) lib/active_record/migration.rb:393:in `check_pending!'
  activerecord (4.2.0) lib/active_record/migration.rb:374:in `call'
  actionpack (4.2.0) lib/action_dispatch/middleware/callbacks.rb:29:in `block in call'
  activesupport (4.2.0) lib/active_support/callbacks.rb:88:in `call'
  activesupport (4.2.0) lib/active_support/callbacks.rb:88:in `_run_callbacks'
  activesupport (4.2.0) lib/active_support/callbacks.rb:734:in `_run_call_callbacks'
  activesupport (4.2.0) lib/active_support/callbacks.rb:81:in `run_callbacks'
  actionpack (4.2.0) lib/action_dispatch/middleware/callbacks.rb:27:in `call'
  actionpack (4.2.0) lib/action_dispatch/middleware/reloader.rb:73:in `call'
  actionpack (4.2.0) lib/action_dispatch/middleware/remote_ip.rb:78:in `call'
  actionpack (4.2.0) lib/action_dispatch/middleware/debug_exceptions.rb:17:in `call'
  web-console (2.1.2) lib/web_console/middleware.rb:37:in `call'
  actionpack (4.2.0) lib/action_dispatch/middleware/show_exceptions.rb:30:in `call'
  railties (4.2.0) lib/rails/rack/logger.rb:38:in `call_app'
  railties (4.2.0) lib/rails/rack/logger.rb:20:in `block in call'
  activesupport (4.2.0) lib/active_support/tagged_logging.rb:68:in `block in tagged'
  activesupport (4.2.0) lib/active_support/tagged_logging.rb:26:in `tagged'
  activesupport (4.2.0) lib/active_support/tagged_logging.rb:68:in `tagged'
  railties (4.2.0) lib/rails/rack/logger.rb:20:in `call'
  actionpack (4.2.0) lib/action_dispatch/middleware/request_id.rb:21:in `call'
  rack (1.6.0) lib/rack/methodoverride.rb:22:in `call'
  rack (1.6.0) lib/rack/runtime.rb:18:in `call'
  activesupport (4.2.0) lib/active_support/cache/strategy/local_cache_middleware.rb:28:in `call'
  rack (1.6.0) lib/rack/lock.rb:17:in `call'
  actionpack (4.2.0) lib/action_dispatch/middleware/static.rb:113:in `call'
  rack (1.6.0) lib/rack/sendfile.rb:113:in `call'
  railties (4.2.0) lib/rails/engine.rb:518:in `call'
  railties (4.2.0) lib/rails/application.rb:164:in `call'
  rack (1.6.0) lib/rack/lock.rb:17:in `call'
  rack (1.6.0) lib/rack/content_length.rb:15:in `call'
  rack (1.6.0) lib/rack/handler/webrick.rb:89:in `service'
  /Users/lanxihuang/.rvm/rubies/ruby-2.0.0-p353/lib/ruby/2.0.0/webrick/httpserver.rb:138:in `service'
  /Users/lanxihuang/.rvm/rubies/ruby-2.0.0-p353/lib/ruby/2.0.0/webrick/httpserver.rb:94:in `run'
  /Users/lanxihuang/.rvm/rubies/ruby-2.0.0-p353/lib/ruby/2.0.0/webrick/server.rb:295:in `block in start_thread'


  Rendered /Users/lanxihuang/.rvm/gems/ruby-2.0.0-p353@railstutorial_rails_4_0/gems/actionpack-4.2.0/lib/action_dispatch/middleware/templates/rescues/_source.erb (3.5ms)
  Rendered /Users/lanxihuang/.rvm/gems/ruby-2.0.0-p353@railstutorial_rails_4_0/gems/actionpack-4.2.0/lib/action_dispatch/middleware/templates/rescues/_trace.html.erb (1.8ms)
  Rendered /Users/lanxihuang/.rvm/gems/ruby-2.0.0-p353@railstutorial_rails_4_0/gems/actionpack-4.2.0/lib/action_dispatch/middleware/templates/rescues/_request_and_response.html.erb (1.1ms)
  Rendered /Users/lanxihuang/.rvm/gems/ruby-2.0.0-p353@railstutorial_rails_4_0/gems/actionpack-4.2.0/lib/action_dispatch/middleware/templates/rescues/diagnostics.html.erb within rescues/layout (36.9ms)
  Rendered /Users/lanxihuang/.rvm/gems/ruby-2.0.0-p353@railstutorial_rails_4_0/gems/web-console-2.1.2/lib/web_console/templates/_markup.html.erb (0.5ms)
  Rendered /Users/lanxihuang/.rvm/gems/ruby-2.0.0-p353@railstutorial_rails_4_0/gems/web-console-2.1.2/lib/web_console/templates/style.css.erb within layouts/inlined_string (0.4ms)
  Rendered /Users/lanxihuang/.rvm/gems/ruby-2.0.0-p353@railstutorial_rails_4_0/gems/web-console-2.1.2/lib/web_console/templates/_inner_console_markup.html.erb within layouts/inlined_string (0.5ms)
  Rendered /Users/lanxihuang/.rvm/gems/ruby-2.0.0-p353@railstutorial_rails_4_0/gems/web-console-2.1.2/lib/web_console/templates/_prompt_box_markup.html.erb within layouts/inlined_string (0.3ms)
  Rendered /Users/lanxihuang/.rvm/gems/ruby-2.0.0-p353@railstutorial_rails_4_0/gems/web-console-2.1.2/lib/web_console/templates/console.js.erb within layouts/javascript (25.3ms)
  Rendered /Users/lanxihuang/.rvm/gems/ruby-2.0.0-p353@railstutorial_rails_4_0/gems/web-console-2.1.2/lib/web_console/templates/main.js.erb within layouts/javascript (0.5ms)
  Rendered /Users/lanxihuang/.rvm/gems/ruby-2.0.0-p353@railstutorial_rails_4_0/gems/web-console-2.1.2/lib/web_console/templates/error_page.js.erb within layouts/javascript (0.5ms)
  Rendered /Users/lanxihuang/.rvm/gems/ruby-2.0.0-p353@railstutorial_rails_4_0/gems/web-console-2.1.2/lib/web_console/templates/index.html.erb (81.7ms)
  [1m[36m (62.6ms)[0m  [1mCREATE TABLE "schema_migrations" ("version" varchar NOT NULL) [0m
  [1m[35m (35.1ms)[0m  select sqlite_version(*)
  [1m[36m (123.5ms)[0m  [1mCREATE UNIQUE INDEX "unique_schema_migrations" ON "schema_migrations" ("version")[0m
  [1m[35mActiveRecord::SchemaMigration Load (0.1ms)[0m  SELECT "schema_migrations".* FROM "schema_migrations"
Migrating to CreateUsers (20150411033303)
  [1m[36m (0.1ms)[0m  [1mbegin transaction[0m
  [1m[35m (0.5ms)[0m  CREATE TABLE "users" ("id" INTEGER PRIMARY KEY AUTOINCREMENT NOT NULL, "name" varchar, "password" varchar, "created_at" datetime NOT NULL, "updated_at" datetime NOT NULL) 
  [1m[36mSQL (0.3ms)[0m  [1mINSERT INTO "schema_migrations" ("version") VALUES (?)[0m  [["version", "20150411033303"]]
  [1m[35m (1.5ms)[0m  commit transaction
  [1m[36mActiveRecord::SchemaMigration Load (0.1ms)[0m  [1mSELECT "schema_migrations".* FROM "schema_migrations"[0m


Started GET "/static_pages/home" for ::1 at 2015-04-18 17:47:39 -0400
  [1m[36mActiveRecord::SchemaMigration Load (0.2ms)[0m  [1mSELECT "schema_migrations".* FROM "schema_migrations"[0m
Processing by StaticPagesController#home as HTML
  Rendered static_pages/home.html.erb within layouts/application (1.8ms)
Completed 200 OK in 3027ms (Views: 2985.8ms | ActiveRecord: 0.0ms)


Started GET "/assets/static_pages-64e62ddc273c2f5847f30d698ca14b67.css?body=1" for ::1 at 2015-04-18 17:47:43 -0400


Started GET "/assets/scaffolds-1e7359240b2498eeaee36b59b09f5875.css?body=1" for ::1 at 2015-04-18 17:47:43 -0400


Started GET "/assets/users-64e62ddc273c2f5847f30d698ca14b67.css?body=1" for ::1 at 2015-04-18 17:47:43 -0400


Started GET "/assets/application-6c9081fbac36793dbd53f818f32927c2.css?body=1" for ::1 at 2015-04-18 17:47:43 -0400


Started GET "/assets/jquery-87424c3c19e96d4fb033c10ebe21ec40.js?body=1" for ::1 at 2015-04-18 17:47:43 -0400


Started GET "/assets/turbolinks-f87b3583ca50adb0488b031297f5580d.js?body=1" for ::1 at 2015-04-18 17:47:43 -0400


Started GET "/assets/static_pages-fcec5b5a277ac7c20cc9f45a209a3bcd.js?body=1" for ::1 at 2015-04-18 17:47:43 -0400


Started GET "/assets/users-fcec5b5a277ac7c20cc9f45a209a3bcd.js?body=1" for ::1 at 2015-04-18 17:47:43 -0400


Started GET "/assets/jquery_ujs-e27bd20a10d28155845a22d71ef94f2f.js?body=1" for ::1 at 2015-04-18 17:47:43 -0400


Started GET "/assets/application-d5dd9df895e734baa4e6c45e5b5415a9.js?body=1" for ::1 at 2015-04-18 17:47:43 -0400


Started GET "/static_pages/home" for ::1 at 2015-04-18 17:53:21 -0400
  [1m[36mActiveRecord::SchemaMigration Load (0.1ms)[0m  [1mSELECT "schema_migrations".* FROM "schema_migrations"[0m
Processing by StaticPagesController#home as HTML
  Rendered static_pages/home.html.erb within layouts/application (1.7ms)
Completed 200 OK in 194ms (Views: 169.5ms | ActiveRecord: 0.0ms)


Started GET "/static_pages/help" for ::1 at 2015-04-18 17:53:25 -0400
Processing by StaticPagesController#help as HTML
  Rendered static_pages/help.html.erb within layouts/application (0.4ms)
Completed 200 OK in 144ms (Views: 143.3ms | ActiveRecord: 0.0ms)


Started GET "/static_pages/github.com/lanxi/RedditBuddy" for ::1 at 2015-04-18 17:53:27 -0400

ActionController::RoutingError (No route matches [GET] "/static_pages/github.com/lanxi/RedditBuddy"):
  actionpack (4.2.0) lib/action_dispatch/middleware/debug_exceptions.rb:21:in `call'
  web-console (2.1.2) lib/web_console/middleware.rb:37:in `call'
  actionpack (4.2.0) lib/action_dispatch/middleware/show_exceptions.rb:30:in `call'
  railties (4.2.0) lib/rails/rack/logger.rb:38:in `call_app'
  railties (4.2.0) lib/rails/rack/logger.rb:20:in `block in call'
  activesupport (4.2.0) lib/active_support/tagged_logging.rb:68:in `block in tagged'
  activesupport (4.2.0) lib/active_support/tagged_logging.rb:26:in `tagged'
  activesupport (4.2.0) lib/active_support/tagged_logging.rb:68:in `tagged'
  railties (4.2.0) lib/rails/rack/logger.rb:20:in `call'
  actionpack (4.2.0) lib/action_dispatch/middleware/request_id.rb:21:in `call'
  rack (1.6.0) lib/rack/methodoverride.rb:22:in `call'
  rack (1.6.0) lib/rack/runtime.rb:18:in `call'
  activesupport (4.2.0) lib/active_support/cache/strategy/local_cache_middleware.rb:28:in `call'
  rack (1.6.0) lib/rack/lock.rb:17:in `call'
  actionpack (4.2.0) lib/action_dispatch/middleware/static.rb:113:in `call'
  rack (1.6.0) lib/rack/sendfile.rb:113:in `call'
  railties (4.2.0) lib/rails/engine.rb:518:in `call'
  railties (4.2.0) lib/rails/application.rb:164:in `call'
  rack (1.6.0) lib/rack/lock.rb:17:in `call'
  rack (1.6.0) lib/rack/content_length.rb:15:in `call'
  rack (1.6.0) lib/rack/handler/webrick.rb:89:in `service'
  /Users/lanxihuang/.rvm/rubies/ruby-2.0.0-p353/lib/ruby/2.0.0/webrick/httpserver.rb:138:in `service'
  /Users/lanxihuang/.rvm/rubies/ruby-2.0.0-p353/lib/ruby/2.0.0/webrick/httpserver.rb:94:in `run'
  /Users/lanxihuang/.rvm/rubies/ruby-2.0.0-p353/lib/ruby/2.0.0/webrick/server.rb:295:in `block in start_thread'


  Rendered /Users/lanxihuang/.rvm/gems/ruby-2.0.0-p353@railstutorial_rails_4_0/gems/actionpack-4.2.0/lib/action_dispatch/middleware/templates/rescues/_trace.html.erb (2.0ms)
  Rendered /Users/lanxihuang/.rvm/gems/ruby-2.0.0-p353@railstutorial_rails_4_0/gems/actionpack-4.2.0/lib/action_dispatch/middleware/templates/routes/_route.html.erb (1.4ms)
  Rendered /Users/lanxihuang/.rvm/gems/ruby-2.0.0-p353@railstutorial_rails_4_0/gems/actionpack-4.2.0/lib/action_dispatch/middleware/templates/routes/_table.html.erb (69.4ms)
  Rendered /Users/lanxihuang/.rvm/gems/ruby-2.0.0-p353@railstutorial_rails_4_0/gems/actionpack-4.2.0/lib/action_dispatch/middleware/templates/rescues/_request_and_response.html.erb (71.1ms)
  Rendered /Users/lanxihuang/.rvm/gems/ruby-2.0.0-p353@railstutorial_rails_4_0/gems/actionpack-4.2.0/lib/action_dispatch/middleware/templates/rescues/routing_error.html.erb within rescues/layout (181.5ms)
  Rendered /Users/lanxihuang/.rvm/gems/ruby-2.0.0-p353@railstutorial_rails_4_0/gems/web-console-2.1.2/lib/web_console/templates/_markup.html.erb (0.3ms)
  Rendered /Users/lanxihuang/.rvm/gems/ruby-2.0.0-p353@railstutorial_rails_4_0/gems/web-console-2.1.2/lib/web_console/templates/style.css.erb within layouts/inlined_string (0.3ms)
  Rendered /Users/lanxihuang/.rvm/gems/ruby-2.0.0-p353@railstutorial_rails_4_0/gems/web-console-2.1.2/lib/web_console/templates/_inner_console_markup.html.erb within layouts/inlined_string (0.3ms)
  Rendered /Users/lanxihuang/.rvm/gems/ruby-2.0.0-p353@railstutorial_rails_4_0/gems/web-console-2.1.2/lib/web_console/templates/_prompt_box_markup.html.erb within layouts/inlined_string (0.5ms)
  Rendered /Users/lanxihuang/.rvm/gems/ruby-2.0.0-p353@railstutorial_rails_4_0/gems/web-console-2.1.2/lib/web_console/templates/console.js.erb within layouts/javascript (21.5ms)
  Rendered /Users/lanxihuang/.rvm/gems/ruby-2.0.0-p353@railstutorial_rails_4_0/gems/web-console-2.1.2/lib/web_console/templates/main.js.erb within layouts/javascript (0.3ms)
  Rendered /Users/lanxihuang/.rvm/gems/ruby-2.0.0-p353@railstutorial_rails_4_0/gems/web-console-2.1.2/lib/web_console/templates/error_page.js.erb within layouts/javascript (0.4ms)
  Rendered /Users/lanxihuang/.rvm/gems/ruby-2.0.0-p353@railstutorial_rails_4_0/gems/web-console-2.1.2/lib/web_console/templates/index.html.erb (45.7ms)


Started GET "/static_pages/github.com/lanxi/RedditBuddy" for ::1 at 2015-04-18 17:53:27 -0400

ActionController::RoutingError (No route matches [GET] "/static_pages/github.com/lanxi/RedditBuddy"):
  actionpack (4.2.0) lib/action_dispatch/middleware/debug_exceptions.rb:21:in `call'
  web-console (2.1.2) lib/web_console/middleware.rb:37:in `call'
  actionpack (4.2.0) lib/action_dispatch/middleware/show_exceptions.rb:30:in `call'
  railties (4.2.0) lib/rails/rack/logger.rb:38:in `call_app'
  railties (4.2.0) lib/rails/rack/logger.rb:20:in `block in call'
  activesupport (4.2.0) lib/active_support/tagged_logging.rb:68:in `block in tagged'
  activesupport (4.2.0) lib/active_support/tagged_logging.rb:26:in `tagged'
  activesupport (4.2.0) lib/active_support/tagged_logging.rb:68:in `tagged'
  railties (4.2.0) lib/rails/rack/logger.rb:20:in `call'
  actionpack (4.2.0) lib/action_dispatch/middleware/request_id.rb:21:in `call'
  rack (1.6.0) lib/rack/methodoverride.rb:22:in `call'
  rack (1.6.0) lib/rack/runtime.rb:18:in `call'
  activesupport (4.2.0) lib/active_support/cache/strategy/local_cache_middleware.rb:28:in `call'
  rack (1.6.0) lib/rack/lock.rb:17:in `call'
  actionpack (4.2.0) lib/action_dispatch/middleware/static.rb:113:in `call'
  rack (1.6.0) lib/rack/sendfile.rb:113:in `call'
  railties (4.2.0) lib/rails/engine.rb:518:in `call'
  railties (4.2.0) lib/rails/application.rb:164:in `call'
  rack (1.6.0) lib/rack/lock.rb:17:in `call'
  rack (1.6.0) lib/rack/content_length.rb:15:in `call'
  rack (1.6.0) lib/rack/handler/webrick.rb:89:in `service'
  /Users/lanxihuang/.rvm/rubies/ruby-2.0.0-p353/lib/ruby/2.0.0/webrick/httpserver.rb:138:in `service'
  /Users/lanxihuang/.rvm/rubies/ruby-2.0.0-p353/lib/ruby/2.0.0/webrick/httpserver.rb:94:in `run'
  /Users/lanxihuang/.rvm/rubies/ruby-2.0.0-p353/lib/ruby/2.0.0/webrick/server.rb:295:in `block in start_thread'


  Rendered /Users/lanxihuang/.rvm/gems/ruby-2.0.0-p353@railstutorial_rails_4_0/gems/actionpack-4.2.0/lib/action_dispatch/middleware/templates/rescues/_trace.html.erb (1.5ms)
  Rendered /Users/lanxihuang/.rvm/gems/ruby-2.0.0-p353@railstutorial_rails_4_0/gems/actionpack-4.2.0/lib/action_dispatch/middleware/templates/routes/_route.html.erb (1.7ms)
  Rendered /Users/lanxihuang/.rvm/gems/ruby-2.0.0-p353@railstutorial_rails_4_0/gems/actionpack-4.2.0/lib/action_dispatch/middleware/templates/routes/_table.html.erb (3.1ms)
  Rendered /Users/lanxihuang/.rvm/gems/ruby-2.0.0-p353@railstutorial_rails_4_0/gems/actionpack-4.2.0/lib/action_dispatch/middleware/templates/rescues/_request_and_response.html.erb (1.4ms)
  Rendered /Users/lanxihuang/.rvm/gems/ruby-2.0.0-p353@railstutorial_rails_4_0/gems/actionpack-4.2.0/lib/action_dispatch/middleware/templates/rescues/routing_error.html.erb within rescues/layout (39.7ms)
  Rendered /Users/lanxihuang/.rvm/gems/ruby-2.0.0-p353@railstutorial_rails_4_0/gems/web-console-2.1.2/lib/web_console/templates/_markup.html.erb (0.6ms)
  Rendered /Users/lanxihuang/.rvm/gems/ruby-2.0.0-p353@railstutorial_rails_4_0/gems/web-console-2.1.2/lib/web_console/templates/style.css.erb within layouts/inlined_string (0.5ms)
  Rendered /Users/lanxihuang/.rvm/gems/ruby-2.0.0-p353@railstutorial_rails_4_0/gems/web-console-2.1.2/lib/web_console/templates/_inner_console_markup.html.erb within layouts/inlined_string (0.3ms)
  Rendered /Users/lanxihuang/.rvm/gems/ruby-2.0.0-p353@railstutorial_rails_4_0/gems/web-console-2.1.2/lib/web_console/templates/_prompt_box_markup.html.erb within layouts/inlined_string (1.8ms)
  Rendered /Users/lanxihuang/.rvm/gems/ruby-2.0.0-p353@railstutorial_rails_4_0/gems/web-console-2.1.2/lib/web_console/templates/console.js.erb within layouts/javascript (28.3ms)
  Rendered /Users/lanxihuang/.rvm/gems/ruby-2.0.0-p353@railstutorial_rails_4_0/gems/web-console-2.1.2/lib/web_console/templates/main.js.erb within layouts/javascript (0.4ms)
  Rendered /Users/lanxihuang/.rvm/gems/ruby-2.0.0-p353@railstutorial_rails_4_0/gems/web-console-2.1.2/lib/web_console/templates/error_page.js.erb within layouts/javascript (0.4ms)
  Rendered /Users/lanxihuang/.rvm/gems/ruby-2.0.0-p353@railstutorial_rails_4_0/gems/web-console-2.1.2/lib/web_console/templates/index.html.erb (66.8ms)


Started GET "/help" for ::1 at 2015-04-18 17:54:05 -0400
  [1m[36mActiveRecord::SchemaMigration Load (0.2ms)[0m  [1mSELECT "schema_migrations".* FROM "schema_migrations"[0m

ActionController::RoutingError (No route matches [GET] "/help"):
  actionpack (4.2.0) lib/action_dispatch/middleware/debug_exceptions.rb:21:in `call'
  web-console (2.1.2) lib/web_console/middleware.rb:37:in `call'
  actionpack (4.2.0) lib/action_dispatch/middleware/show_exceptions.rb:30:in `call'
  railties (4.2.0) lib/rails/rack/logger.rb:38:in `call_app'
  railties (4.2.0) lib/rails/rack/logger.rb:20:in `block in call'
  activesupport (4.2.0) lib/active_support/tagged_logging.rb:68:in `block in tagged'
  activesupport (4.2.0) lib/active_support/tagged_logging.rb:26:in `tagged'
  activesupport (4.2.0) lib/active_support/tagged_logging.rb:68:in `tagged'
  railties (4.2.0) lib/rails/rack/logger.rb:20:in `call'
  actionpack (4.2.0) lib/action_dispatch/middleware/request_id.rb:21:in `call'
  rack (1.6.0) lib/rack/methodoverride.rb:22:in `call'
  rack (1.6.0) lib/rack/runtime.rb:18:in `call'
  activesupport (4.2.0) lib/active_support/cache/strategy/local_cache_middleware.rb:28:in `call'
  rack (1.6.0) lib/rack/lock.rb:17:in `call'
  actionpack (4.2.0) lib/action_dispatch/middleware/static.rb:113:in `call'
  rack (1.6.0) lib/rack/sendfile.rb:113:in `call'
  railties (4.2.0) lib/rails/engine.rb:518:in `call'
  railties (4.2.0) lib/rails/application.rb:164:in `call'
  rack (1.6.0) lib/rack/lock.rb:17:in `call'
  rack (1.6.0) lib/rack/content_length.rb:15:in `call'
  rack (1.6.0) lib/rack/handler/webrick.rb:89:in `service'
  /Users/lanxihuang/.rvm/rubies/ruby-2.0.0-p353/lib/ruby/2.0.0/webrick/httpserver.rb:138:in `service'
  /Users/lanxihuang/.rvm/rubies/ruby-2.0.0-p353/lib/ruby/2.0.0/webrick/httpserver.rb:94:in `run'
  /Users/lanxihuang/.rvm/rubies/ruby-2.0.0-p353/lib/ruby/2.0.0/webrick/server.rb:295:in `block in start_thread'


  Rendered /Users/lanxihuang/.rvm/gems/ruby-2.0.0-p353@railstutorial_rails_4_0/gems/actionpack-4.2.0/lib/action_dispatch/middleware/templates/rescues/_trace.html.erb (1.7ms)
  Rendered /Users/lanxihuang/.rvm/gems/ruby-2.0.0-p353@railstutorial_rails_4_0/gems/actionpack-4.2.0/lib/action_dispatch/middleware/templates/routes/_route.html.erb (1.3ms)
  Rendered /Users/lanxihuang/.rvm/gems/ruby-2.0.0-p353@railstutorial_rails_4_0/gems/actionpack-4.2.0/lib/action_dispatch/middleware/templates/routes/_table.html.erb (7.2ms)
  Rendered /Users/lanxihuang/.rvm/gems/ruby-2.0.0-p353@railstutorial_rails_4_0/gems/actionpack-4.2.0/lib/action_dispatch/middleware/templates/rescues/_request_and_response.html.erb (22.3ms)
  Rendered /Users/lanxihuang/.rvm/gems/ruby-2.0.0-p353@railstutorial_rails_4_0/gems/actionpack-4.2.0/lib/action_dispatch/middleware/templates/rescues/routing_error.html.erb within rescues/layout (64.2ms)
  Rendered /Users/lanxihuang/.rvm/gems/ruby-2.0.0-p353@railstutorial_rails_4_0/gems/web-console-2.1.2/lib/web_console/templates/_markup.html.erb (0.5ms)
  Rendered /Users/lanxihuang/.rvm/gems/ruby-2.0.0-p353@railstutorial_rails_4_0/gems/web-console-2.1.2/lib/web_console/templates/style.css.erb within layouts/inlined_string (0.3ms)
  Rendered /Users/lanxihuang/.rvm/gems/ruby-2.0.0-p353@railstutorial_rails_4_0/gems/web-console-2.1.2/lib/web_console/templates/_inner_console_markup.html.erb within layouts/inlined_string (0.5ms)
  Rendered /Users/lanxihuang/.rvm/gems/ruby-2.0.0-p353@railstutorial_rails_4_0/gems/web-console-2.1.2/lib/web_console/templates/_prompt_box_markup.html.erb within layouts/inlined_string (0.4ms)
  Rendered /Users/lanxihuang/.rvm/gems/ruby-2.0.0-p353@railstutorial_rails_4_0/gems/web-console-2.1.2/lib/web_console/templates/console.js.erb within layouts/javascript (27.7ms)
  Rendered /Users/lanxihuang/.rvm/gems/ruby-2.0.0-p353@railstutorial_rails_4_0/gems/web-console-2.1.2/lib/web_console/templates/main.js.erb within layouts/javascript (0.4ms)
  Rendered /Users/lanxihuang/.rvm/gems/ruby-2.0.0-p353@railstutorial_rails_4_0/gems/web-console-2.1.2/lib/web_console/templates/error_page.js.erb within layouts/javascript (0.6ms)
  Rendered /Users/lanxihuang/.rvm/gems/ruby-2.0.0-p353@railstutorial_rails_4_0/gems/web-console-2.1.2/lib/web_console/templates/index.html.erb (57.4ms)


Started GET "/static_pages/help" for ::1 at 2015-04-18 17:54:11 -0400
Processing by StaticPagesController#help as HTML
  Rendered static_pages/help.html.erb within layouts/application (0.4ms)
Completed 200 OK in 212ms (Views: 210.7ms | ActiveRecord: 0.0ms)
